<?xml version="1.0" encoding="UTF-8"?>
<testng-results ignored="0" total="2" passed="2" failed="0" skipped="0">
  <reporter-output>
  </reporter-output>
  <suite started-at="2022-08-02T15:11:38 IST" name="Default suite" finished-at="2022-08-02T15:11:51 IST" duration-ms="13069">
    <groups>
    </groups>
    <test started-at="2022-08-02T15:11:38 IST" name="Default test" finished-at="2022-08-02T15:11:51 IST" duration-ms="13069">
      <class name="com.testng.practicefiledownload">
        <test-method is-config="true" signature="beforeSuite()[pri:0, instance:com.testng.practicefiledownload@3835c46]" started-at="2022-08-02T15:11:38 IST" name="beforeSuite" finished-at="2022-08-02T15:11:38 IST" duration-ms="8" status="PASS">
          <reporter-output>
          </reporter-output>
        </test-method> <!-- beforeSuite -->
        <test-method is-config="true" signature="beforeTest()[pri:0, instance:com.testng.practicefiledownload@3835c46]" started-at="2022-08-02T15:11:38 IST" name="beforeTest" finished-at="2022-08-02T15:11:42 IST" duration-ms="3575" status="PASS">
          <reporter-output>
          </reporter-output>
        </test-method> <!-- beforeTest -->
        <test-method is-config="true" signature="beforeClass()[pri:0, instance:com.testng.practicefiledownload@3835c46]" started-at="2022-08-02T15:11:42 IST" name="beforeClass" finished-at="2022-08-02T15:11:42 IST" duration-ms="0" status="PASS">
          <reporter-output>
          </reporter-output>
        </test-method> <!-- beforeClass -->
        <test-method is-config="true" signature="beforeMethod()[pri:0, instance:com.testng.practicefiledownload@3835c46]" started-at="2022-08-02T15:11:42 IST" name="beforeMethod" finished-at="2022-08-02T15:11:42 IST" duration-ms="0" status="PASS">
          <reporter-output>
          </reporter-output>
        </test-method> <!-- beforeMethod -->
        <test-method signature="LoadingFileDownloadPage()[pri:-1, instance:com.testng.practicefiledownload@3835c46]" started-at="2022-08-02T15:11:42 IST" name="LoadingFileDownloadPage" finished-at="2022-08-02T15:11:46 IST" duration-ms="4266" status="PASS">
          <reporter-output>
          </reporter-output>
        </test-method> <!-- LoadingFileDownloadPage -->
        <test-method is-config="true" signature="afterMethod()[pri:0, instance:com.testng.practicefiledownload@3835c46]" started-at="2022-08-02T15:11:46 IST" name="afterMethod" finished-at="2022-08-02T15:11:46 IST" duration-ms="0" status="PASS">
          <reporter-output>
          </reporter-output>
        </test-method> <!-- afterMethod -->
        <test-method is-config="true" signature="beforeMethod()[pri:0, instance:com.testng.practicefiledownload@3835c46]" started-at="2022-08-02T15:11:46 IST" name="beforeMethod" finished-at="2022-08-02T15:11:46 IST" duration-ms="0" status="PASS">
          <reporter-output>
          </reporter-output>
        </test-method> <!-- beforeMethod -->
        <test-method signature="validatefileUpload()[pri:0, instance:com.testng.practicefiledownload@3835c46]" started-at="2022-08-02T15:11:46 IST" name="validatefileUpload" finished-at="2022-08-02T15:11:51 IST" duration-ms="5148" status="PASS">
          <reporter-output>
          </reporter-output>
        </test-method> <!-- validatefileUpload -->
        <test-method is-config="true" signature="afterMethod()[pri:0, instance:com.testng.practicefiledownload@3835c46]" started-at="2022-08-02T15:11:51 IST" name="afterMethod" finished-at="2022-08-02T15:11:51 IST" duration-ms="1" status="PASS">
          <reporter-output>
          </reporter-output>
        </test-method> <!-- afterMethod -->
        <test-method is-config="true" signature="afterTest()[pri:0, instance:com.testng.practicefiledownload@3835c46]" started-at="2022-08-02T15:11:51 IST" name="afterTest" finished-at="2022-08-02T15:11:51 IST" duration-ms="1" status="PASS">
          <reporter-output>
          </reporter-output>
        </test-method> <!-- afterTest -->
        <test-method is-config="true" signature="afterClass()[pri:0, instance:com.testng.practicefiledownload@3835c46]" started-at="2022-08-02T15:11:51 IST" name="afterClass" finished-at="2022-08-02T15:11:51 IST" duration-ms="0" status="PASS">
          <reporter-output>
          </reporter-output>
        </test-method> <!-- afterClass -->
        <test-method is-config="true" signature="afterSuite()[pri:0, instance:com.testng.practicefiledownload@3835c46]" started-at="2022-08-02T15:11:51 IST" name="afterSuite" finished-at="2022-08-02T15:11:51 IST" duration-ms="2" status="PASS">
          <reporter-output>
          </reporter-output>
        </test-method> <!-- afterSuite -->
      </class> <!-- com.testng.practicefiledownload -->
    </test> <!-- Default test -->
  </suite> <!-- Default suite -->
</testng-results>
